Job 4212, parasite
769 msec pre
45022 msec calc
1575 msec post
47366 msec total
Job 4213, parasite
742 msec pre
44098 msec calc
1392 msec post
46232 msec total
Job 4214, parasite
766 msec pre
45718 msec calc
2217 msec post
48701 msec total
Job 4215, parasite
762 msec pre
45369 msec calc
1184 msec post
47315 msec total
Job 4216, parasite
770 msec pre
45051 msec calc
1238 msec post
47059 msec total
Job 4217, parasite
775 msec pre
22692 msec calc
1316 msec post
24783 msec total
Job 4218, parasite
737 msec pre
11261 msec calc
1318 msec post
13316 msec total
Job 4219, parasite
764 msec pre
5860 msec calc
1127 msec post
7751 msec total
Job 4220, parasite
743 msec pre
45065 msec calc
1279 msec post
47087 msec total
Job 4221, parasite
769 msec pre
22318 msec calc
1236 msec post
24323 msec total
Job 4222, parasite
753 msec pre
21426 msec calc
1345 msec post
23524 msec total
Job 4223, parasite
769 msec pre
21938 msec calc
1616 msec post
24323 msec total
Job 4224, parasite
742 msec pre
45015 msec calc
1476 msec post
47233 msec total
Job 4225, parasite
775 msec pre
43681 msec calc
2433 msec post
46889 msec total
Job 4226, parasite
755 msec pre
43480 msec calc
1017 msec post
45252 msec total
Job 4227, parasite
769 msec pre
37601 msec calc
1108 msec post
39478 msec total
Job 4228, parasite
770 msec pre
44994 msec calc
1224 msec post
46988 msec total
Job 4229, parasite
775 msec pre
43680 msec calc
1251 msec post
45706 msec total
Job 4230, parasite
770 msec pre
43462 msec calc
1185 msec post
45417 msec total
Job 4231, parasite
770 msec pre
37592 msec calc
1081 msec post
39443 msec total
