Job 4192, parasite
738 msec pre
46854 msec calc
1504 msec post
49096 msec total

Job 4193, parasite
755 msec pre
46342 msec calc
1579 msec post
48676 msec total

Job 4194, parasite
747 msec pre
46008 msec calc
1284 msec post
48039 msec total

Job 4195, parasite
736 msec pre
45481 msec calc
1386 msec post
47603 msec total

Job 4196, parasite
740 msec pre
46889 msec calc
1510 msec post
49139 msec total

Job 4197, parasite
732 msec pre
23884 msec calc
1471 msec post
26087 msec total

Job 4198, parasite
761 msec pre
12034 msec calc
1402 msec post
14197 msec total

Job 4199, parasite
770 msec pre
6420 msec calc
1381 msec post
8571 msec total

Job 4200, parasite
771 msec pre
46802 msec calc
1488 msec post
49061 msec total

Job 4201, parasite
758 msec pre
30539 msec calc
1479 msec post
32776 msec total

Job 4202, parasite
768 msec pre
23256 msec calc
1524 msec post
25548 msec total

Job 4203, parasite
727 msec pre
23238 msec calc
1355 msec post
25320 msec total

Job 4204, parasite
735 msec pre
46826 msec calc
1473 msec post
49034 msec total

Job 4205, parasite
768 msec pre
23824 msec calc
1532 msec post
26124 msec total

Job 4206, parasite
769 msec pre
12013 msec calc
1515 msec post
14297 msec total

Job 4207, parasite
743 msec pre
6343 msec calc
1300 msec post
8386 msec total

Job 4208, parasite
767 msec pre
46827 msec calc
1385 msec post
48979 msec total

Job 4209, parasite
733 msec pre
26869 msec calc
1404 msec post
29006 msec total

Job 4210, parasite
768 msec pre
20333 msec calc
1524 msec post
22625 msec total

Job 4211, parasite
740 msec pre
18057 msec calc
1307 msec post
20104 msec total
